<?xml version="1.0" encoding="UTF-8"?>
<testsuite xmlns:xsi="http://www.w3.org/2001/XMLSchema-instance" xsi:noNamespaceSchemaLocation="https://maven.apache.org/surefire/maven-surefire-plugin/xsd/surefire-test-report.xsd" name="com.example.TestExecutionOrderDemo" time="0.017" tests="4" errors="0" skipped="0" failures="0">
  <properties>
[...]
</properties>
  <testcase name="validValues" classname="com.example.TestExecutionOrderDemo" time="0.004"/>
  <testcase name="validValues2" classname="com.example.TestExecutionOrderDemo" time="0.001"/>
  <testcase name="emptyValues" classname="com.example.TestExecutionOrderDemo" time="0.002"/>
  <testcase name="nullValues" classname="com.example.TestExecutionOrderDemo" time="0.004"/>
</testsuite>